az0/mcts2/[0.0, 1.0, 1.0, 1.0, 1.0]
mcts2/az0/[-1.0, -1.0, -1.0, -1.0, -1.0]
az0/mcts5/[1.0, 0.0, 1.0, 1.0, 1.0]
mcts5/az0/[-1.0, 1.0, -1.0, 1.0, 1.0]
az0/mcts10/[1.0, -1.0, -1.0, -1.0, -1.0]
mcts10/az0/[1.0, 1.0, 1.0, 1.0, 1.0]
az0/mcts30/[1.0, -1.0, 1.0, -1.0, -1.0]
mcts30/az0/[1.0, 1.0, 1.0, 1.0, 1.0]
az0/mcts100/[-1.0, -1.0, -1.0, -1.0, 0.0]
mcts100/az0/[1.0, 1.0, 1.0, 1.0, 1.0]
az25/mcts2/[1.0, 1.0, 1.0, 1.0, 1.0]
mcts2/az25/[-1.0, -1.0, -1.0, -1.0, -1.0]
az25/mcts5/[1.0, 1.0, 1.0, 1.0, 1.0]
mcts5/az25/[0.0, -1.0, 0.0, 0.0, -1.0]
az25/mcts10/[1.0, 1.0, 1.0, 1.0, 1.0]
mcts10/az25/[-1.0, 0.0, 0.0, 0.0, 0.0]
az25/mcts30/[1.0, 1.0, 1.0, 1.0, 1.0]
mcts30/az25/[-1.0, 0.0, 0.0, 0.0, 0.0]
az25/mcts100/[1.0, 1.0, 1.0, 1.0, 1.0]
mcts100/az25/[0.0, 0.0, -1.0, 0.0, 0.0]
az-1/mcts10/[1.0, 1.0, 1.0, 1.0, 1.0]
az100/mcts2/[1.0, 1.0, 1.0, 1.0, 1.0]
mcts2/az100/[-1.0, -1.0, -1.0, -1.0, -1.0]
az100/mcts5/[1.0, 1.0, 1.0, 1.0, 1.0]
mcts5/az100/[-1.0, -1.0, -1.0, -1.0, -1.0]
az100/mcts10/[1.0, 1.0, 1.0, 1.0, 1.0]
mcts10/az100/[-1.0, -1.0, -1.0, -1.0, -1.0]
az100/mcts30/[1.0, 1.0, 1.0, 1.0, 1.0]
mcts30/az100/[-1.0, -1.0, -1.0, -1.0, -1.0]
az100/mcts100/[1.0, 1.0, -1.0, 1.0, 1.0]
mcts100/az100/[-1.0, -1.0, -1.0, -1.0, -1.0]
az110/mcts2/[1.0, 1.0, 1.0, 1.0, 1.0]
mcts2/az110/[-1.0, -1.0, -1.0, -1.0, -1.0]
az110/mcts5/[1.0, 1.0, 1.0, 1.0, 1.0]
mcts5/az110/[-1.0, -1.0, -1.0, -1.0, -1.0]
az110/mcts10/[1.0, 1.0, -1.0, 1.0, 1.0]
mcts10/az110/[-1.0, -1.0, -1.0, -1.0, -1.0]
az110/mcts30/[-1.0, 1.0, 1.0, 1.0, 1.0]
mcts30/az110/[-1.0, -1.0, -1.0, -1.0, -1.0]
az110/mcts100/[1.0, 1.0, 1.0, 1.0, 1.0]
mcts100/az110/[-1.0, -1.0, -1.0, -1.0, -1.0]
az120/mcts2/[1.0, 1.0, 1.0, 1.0, 1.0]
mcts2/az120/[-1.0, -1.0, -1.0, -1.0, -1.0]
az120/mcts5/[1.0, 1.0, 1.0, 1.0, 1.0]
az120/mcts100/[1.0, 1.0, 1.0, 1.0, 1.0]
mcts100/az120/[1.0, -1.0, -1.0, -1.0, -1.0]
az130/mcts2/[1.0, 1.0, 1.0, 1.0, 1.0]
mcts100/az100/[-1.0, -1.0, -1.0, 1.0, -1.0]
az110/mcts2/[1.0, 1.0, 1.0, 1.0, 1.0]
az100/mcts1000/[-1.0, 1.0, 1.0, 1.0, -1.0]
mcts1000/az100/[-1.0, -1.0, -1.0, -1.0, 1.0]
az110/mcts1000/[-1.0, 1.0, -1.0, 1.0, 1.0]
mcts1000/az110/[-1.0, -1.0, -1.0, -1.0, -1.0]
az120/mcts1000/[1.0, 1.0, 1.0, 1.0, 1.0]
mcts1000/az120/[-1.0, -1.0, -1.0, -1.0, -1.0]
az130/mcts1000/[1.0, 1.0, -1.0, 1.0, -1.0]
mcts1000/az130/[-1.0, 1.0, -1.0, -1.0, -1.0]
az140/mcts1000/[1.0, 1.0, 1.0, 1.0, -1.0]
mcts1000/az140/[-1.0, -1.0, -1.0, -1.0, -1.0]
az150/mcts1000/[1.0, -1.0, 1.0, 1.0, 1.0]
mcts1000/az150/[-1.0, -1.0, -1.0, -1.0, -1.0]
az160/mcts1000/[-1.0, -1.0, -1.0, 1.0, 1.0]
mcts1000/az160/[-1.0, -1.0, -1.0, -1.0, -1.0]
az100/mcts1000/[1.0, 1.0, 1.0, 1.0, 1.0]
mcts1000/az100/[-1.0, -1.0, -1.0, -1.0, 1.0]
az110/mcts1000/[-1.0, 1.0, 1.0, 1.0, 1.0]
mcts1000/az110/[1.0, -1.0, -1.0, -1.0, -1.0]
az120/mcts1000/[1.0, 1.0, -1.0, 1.0, 1.0]
mcts1000/az120/[-1.0, -1.0, -1.0, -1.0, -1.0]
az130/mcts1000/[-1.0, 1.0, 1.0, 1.0, 1.0]
mcts1000/az130/[-1.0, -1.0, -1.0, -1.0, -1.0]
az140/mcts1000/[-1.0, -1.0, 1.0, 1.0, 1.0]
mcts1000/az140/[-1.0, -1.0, -1.0, -1.0, -1.0]
az150/mcts1000/[1.0, 1.0, -1.0, 1.0, -1.0]
mcts1000/az150/[1.0, -1.0, -1.0, -1.0, -1.0]
az160/mcts1000/[1.0, 1.0, 1.0, 1.0, 1.0]
mcts1000/az160/[-1.0, -1.0, -1.0, -1.0, 1.0]
az100/mcts1000/[1.0, 1.0, 1.0, 1.0, 1.0]
mcts1000/az100/[-1.0, -1.0, -1.0, -1.0, -1.0]
az110/mcts1000/[1.0, 1.0, 1.0, -1.0, 1.0]
mcts1000/az110/[1.0, -1.0, -1.0, -1.0, -1.0]
az120/mcts1000/[-1.0, 1.0, 1.0, 1.0, -1.0]
mcts1000/az120/[1.0, -1.0, -1.0, -1.0, -1.0]
az130/mcts1000/[1.0, -1.0, 1.0, 1.0, 1.0]
mcts1000/az130/[1.0, 1.0, -1.0, -1.0, -1.0]
az140/mcts1000/[1.0, 1.0, -1.0, -1.0, 1.0]
mcts1000/az140/[-1.0, -1.0, -1.0, -1.0, -1.0]
az150/mcts1000/[1.0, 1.0, 1.0, 1.0, 1.0]
mcts1000/az150/[1.0, -1.0, -1.0, -1.0, 1.0]
az160/mcts1000/[-1.0, 1.0, 1.0, 1.0, 1.0]
mcts1000/az160/[1.0, -1.0, -1.0, -1.0, -1.0]
az100/mcts1000/[1.0, -1.0, 1.0, 1.0, 1.0]
mcts1000/az100/[-1.0, -1.0, -1.0, -1.0, -1.0]
az110/mcts1000/[-1.0, 1.0, -1.0, 1.0, 1.0]
mcts1000/az110/[-1.0, -1.0, -1.0, -1.0, -1.0]
az120/mcts1000/[1.0, -1.0, 1.0, -1.0, -1.0]
mcts1000/az120/[-1.0, -1.0, -1.0, -1.0, -1.0]
az130/mcts1000/[1.0, 1.0, 1.0, 1.0, -1.0]
mcts1000/az130/[-1.0, -1.0, -1.0, -1.0, -1.0]
az140/mcts1000/[1.0, 1.0, 1.0, -1.0, 1.0]
mcts1000/az140/[-1.0, -1.0, -1.0, -1.0, 1.0]
az150/mcts1000/[1.0, -1.0, 1.0, 1.0, 1.0]
mcts1000/az150/[-1.0, -1.0, -1.0, -1.0, -1.0]
az160/mcts1000/[1.0, -1.0, -1.0, 1.0, 1.0]
mcts1000/az160/[1.0, -1.0, -1.0, -1.0, -1.0]
az100/mcts1000/[1.0, 1.0, 1.0, -1.0, 1.0]
mcts1000/az100/[-1.0, -1.0, -1.0, -1.0, -1.0]
az110/mcts1000/[1.0, -1.0, -1.0, 1.0, 1.0]
mcts1000/az110/[1.0, -1.0, -1.0, 1.0, -1.0]
az120/mcts1000/[1.0, -1.0, 1.0, -1.0, 1.0]
mcts1000/az120/[-1.0, -1.0, -1.0, -1.0, -1.0]
az130/mcts1000/[1.0, 1.0, 1.0, 1.0, -1.0]
mcts1000/az130/[-1.0, -1.0, -1.0, 1.0, -1.0]
az140/mcts1000/[1.0, 1.0, 1.0, 1.0, -1.0]
mcts1000/az140/[-1.0, -1.0, -1.0, -1.0, 1.0]
az150/mcts1000/[1.0, -1.0, 1.0, -1.0, -1.0]
mcts1000/az150/[-1.0, -1.0, -1.0, -1.0, -1.0]
az160/mcts1000/[1.0, 1.0, 1.0, 1.0, 1.0]
mcts1000/az160/[-1.0, -1.0, -1.0, -1.0, -1.0]
