az150/mcts10/[1.0, 1.0, 1.0, 1.0, 1.0]
mcts10/az150/[-1.0, -1.0, -1.0, -1.0, -1.0]
az150/mcts50/[0.0, 1.0, 0.0, 1.0, 1.0]
mcts50/az150/[-1.0, -1.0, 1.0, -1.0, -1.0]
az150/mcts100/[1.0, 1.0, -1.0, 1.0, 1.0]
mcts100/az150/[1.0, -1.0, -1.0, -1.0, -1.0]
az150/mcts1000/[-1.0, -1.0, -1.0, -1.0, 1.0]
mcts1000/az150/[-1.0, 0.0, 1.0, -1.0, 1.0]
az160/mcts10/[1.0, 1.0, 1.0, 1.0, 1.0]
mcts10/az160/[0.0, -1.0, -1.0, 1.0, -1.0]
az160/mcts50/[0.0, 1.0, -1.0, 1.0, 1.0]
mcts50/az160/[-1.0, -1.0, -1.0, -1.0, -1.0]
az160/mcts100/[1.0, 1.0, -1.0, 0.0, 1.0]
mcts100/az160/[1.0, 0.0, -1.0, -1.0, -1.0]
az160/mcts1000/[-1.0, 1.0, -1.0, -1.0, -1.0]
mcts1000/az160/[0.0, 1.0, 1.0, 1.0, 1.0]
az170/mcts10/[1.0, -1.0, 1.0, 1.0, -1.0]
mcts10/az170/[-1.0, -1.0, -1.0, -1.0, -1.0]
az170/mcts50/[1.0, -1.0, 1.0, 1.0, 1.0]
mcts50/az170/[-1.0, -1.0, -1.0, -1.0, 1.0]
az170/mcts100/[-1.0, -1.0, -1.0, -1.0, 1.0]
mcts100/az170/[-1.0, -1.0, -1.0, -1.0, -1.0]
az170/mcts1000/[1.0, -1.0, 1.0, 1.0, -1.0]
mcts1000/az170/[0.0, 1.0, 1.0, 1.0, -1.0]
az180/mcts10/[1.0, 1.0, 1.0, 1.0, 1.0]
mcts10/az180/[-1.0, -1.0, -1.0, -1.0, -1.0]
az180/mcts50/[1.0, -1.0, 1.0, 1.0, 1.0]
mcts50/az180/[-1.0, -1.0, -1.0, -1.0, 0.0]
az180/mcts100/[1.0, 1.0, 1.0, -1.0, 1.0]
mcts100/az180/[-1.0, -1.0, -1.0, 1.0, -1.0]
az180/mcts1000/[-1.0, -1.0, 1.0, 1.0, -1.0]
mcts1000/az180/[-1.0, -1.0, 1.0, -1.0, 1.0]
az190/mcts10/[1.0, 1.0, 1.0, 1.0, 1.0]
mcts10/az190/[-1.0, -1.0, -1.0, -1.0, 0.0]
az190/mcts50/[-1.0, 1.0, 1.0, 1.0, 1.0]
mcts50/az190/[-1.0, -1.0, 1.0, -1.0, -1.0]
az190/mcts100/[1.0, 1.0, 1.0, 0.0, -1.0]
mcts100/az190/[-1.0, -1.0, -1.0, -1.0, -1.0]
az190/mcts1000/[-1.0, -1.0, -1.0, 1.0, -1.0]
mcts1000/az190/[1.0, -1.0, 1.0, 0.0, 1.0]
az200/mcts10/[1.0, 1.0, 1.0, 1.0, 1.0]
mcts10/az200/[-1.0, -1.0, -1.0, -1.0, -1.0]
az200/mcts50/[1.0, 1.0, 1.0, 1.0, 1.0]
mcts50/az200/[-1.0, -1.0, -1.0, -1.0, -1.0]
az200/mcts100/[1.0, 1.0, -1.0, 1.0, -1.0]
mcts100/az200/[-1.0, 1.0, -1.0, -1.0, -1.0]
az200/mcts1000/[1.0, -1.0, -1.0, 1.0, 1.0]
mcts1000/az200/[-1.0, 1.0, -1.0, 1.0, -1.0]
