az200/mcts100/[1.0, 1.0, 1.0, 1.0, -1.0]
mcts100/az200/[0.0, -1.0, -1.0, -1.0, -1.0]
az200/mcts1000/[-1.0, -1.0, -1.0, -1.0, 1.0]
mcts1000/az200/[-1.0, 1.0, 1.0, -1.0, 1.0]
az210/mcts100/[1.0, 1.0, 1.0, 1.0, -1.0]
mcts100/az210/[0.0, -1.0, -1.0, -1.0, -1.0]
az210/mcts1000/[-1.0, 0.0, -1.0, -1.0, -1.0]
mcts1000/az210/[1.0, 1.0, 1.0, 1.0, 1.0]
az220/mcts100/[1.0, -1.0, -1.0, 1.0, 1.0]
mcts100/az220/[-1.0, -1.0, -1.0, 0.0, -1.0]
az220/mcts1000/[1.0, -1.0, -1.0, 0.0, -1.0]
mcts1000/az220/[1.0, 1.0, -1.0, 0.0, 1.0]
az160/mcts100/[-1.0, -1.0, 0.0, 1.0, -1.0]
mcts100/az160/[1.0, -1.0, 1.0, -1.0, 0.0]
az160/mcts1000/[-1.0, -1.0, -1.0, -1.0, -1.0]
mcts1000/az160/[1.0, 1.0, 1.0, 1.0, 0.0]
az170/mcts100/[-1.0, -1.0, -1.0, 1.0, -1.0]
mcts100/az170/[1.0, -1.0, -1.0, 0.0, 1.0]
az170/mcts1000/[-1.0, -1.0, -1.0, -1.0, -1.0]
mcts1000/az170/[1.0, 1.0, 1.0, 1.0, -1.0]
az180/mcts100/[-1.0, 1.0, 1.0, 1.0, -1.0]
mcts100/az180/[1.0, 1.0, -1.0, -1.0, -1.0]
az180/mcts1000/[-1.0, 1.0, -1.0, -1.0, -1.0]
mcts1000/az180/[1.0, 1.0, 0.0, 1.0, 1.0]
az190/mcts100/[1.0, 1.0, 1.0, 1.0, 1.0]
mcts100/az190/[-1.0, 1.0, -1.0, 1.0, -1.0]
az190/mcts1000/[0.0, -1.0, -1.0, 1.0, -1.0]
mcts1000/az190/[1.0, 1.0, 1.0, 0.0, 1.0]
